<?xml version="1.0" encoding="UTF-8"?>
<coverage generated="1783731404481" clover="3.2.0">
  <project timestamp="1783731404481" name="All files">
    <metrics statements="4" coveredstatements="2" conditionals="0" coveredconditionals="0" methods="2" coveredmethods="1" elements="6" coveredelements="3" complexity="0" loc="4" ncloc="4" packages="2" files="2" classes="2"/>
    <package name="composables">
      <metrics statements="2" coveredstatements="0" conditionals="0" coveredconditionals="0" methods="1" coveredmethods="0"/>
      <file name="useApi.ts" path="/home/bbruneau/repositories/perso/plume/app/composables/useApi.ts">
        <metrics statements="2" coveredstatements="0" conditionals="0" coveredconditionals="0" methods="1" coveredmethods="0"/>
        <line num="6" count="0" type="stmt"/>
        <line num="8" count="0" type="stmt"/>
      </file>
    </package>
    <package name="utils">
      <metrics statements="2" coveredstatements="2" conditionals="0" coveredconditionals="0" methods="1" coveredmethods="1"/>
      <file name="locale.ts" path="/home/bbruneau/repositories/perso/plume/app/utils/locale.ts">
        <metrics statements="2" coveredstatements="2" conditionals="0" coveredconditionals="0" methods="1" coveredmethods="1"/>
        <line num="1" count="1" type="stmt"/>
        <line num="7" count="3" type="stmt"/>
      </file>
    </package>
  </project>
</coverage>
